[2019-08-28 09:19:57] Текст ошибки: Страница | Файл: C:\OSPanel\domains\ishop.loc\public\index.php |  Строка: 7
==============================
[2019-08-28 09:19:57] Текст ошибки: Страница | Файл: C:\OSPanel\domains\ishop.loc\public\index.php |  Строка: 7
==============================
[2019-08-28 09:20:21] Текст ошибки: Страница | Файл: C:\OSPanel\domains\ishop.loc\public\index.php |  Строка: 7
==============================
[2019-08-28 09:20:32] Текст ошибки: Страница | Файл: C:\OSPanel\domains\ishop.loc\public\index.php |  Строка: 7
==============================
[2019-08-28 09:20:53] Текст ошибки: Страница | Файл: C:\OSPanel\domains\ishop.loc\public\index.php |  Строка: 7
==============================
[2019-08-28 09:25:03] Текст ошибки: Страница | Файл: C:\OSPanel\domains\ishop.loc\public\index.php |  Строка: 7
==============================
[2019-08-28 09:25:13] Текст ошибки: Страница | Файл: C:\OSPanel\domains\ishop.loc\public\index.php |  Строка: 7
==============================
[2019-08-28 09:25:42] Текст ошибки: Страница | Файл: C:\OSPanel\domains\ishop.loc\public\index.php |  Строка: 7
==============================
[2019-08-28 09:25:42] Текст ошибки: Страница | Файл: C:\OSPanel\domains\ishop.loc\public\index.php |  Строка: 7
==============================
[2019-08-28 09:25:42] Текст ошибки: Страница | Файл: C:\OSPanel\domains\ishop.loc\public\index.php |  Строка: 7
==============================
[2019-08-28 09:25:42] Текст ошибки: Страница | Файл: C:\OSPanel\domains\ishop.loc\public\index.php |  Строка: 7
==============================
[2019-08-28 09:25:42] Текст ошибки: Страница | Файл: C:\OSPanel\domains\ishop.loc\public\index.php |  Строка: 7
==============================
[2019-08-28 09:25:42] Текст ошибки: Страница | Файл: C:\OSPanel\domains\ishop.loc\public\index.php |  Строка: 7
==============================
[2019-08-28 09:25:43] Текст ошибки: Страница | Файл: C:\OSPanel\domains\ishop.loc\public\index.php |  Строка: 7
==============================
[2019-08-28 09:25:43] Текст ошибки: Страница | Файл: C:\OSPanel\domains\ishop.loc\public\index.php |  Строка: 7
==============================
[2019-08-28 09:25:52] Текст ошибки: Страница | Файл: C:\OSPanel\domains\ishop.loc\public\index.php |  Строка: 7
==============================
[2019-08-28 09:48:24] Текст ошибки: Too few arguments to function ishop\Router::getRoutes(), 0 passed in C:\OSPanel\domains\ishop.loc\public\index.php on line 11 and exactly 1 expected | Файл: C:\OSPanel\domains\ishop.loc\vendor\ishop\core\Router.php |  Строка: 17
==============================
[2019-08-28 09:49:07] Текст ошибки: Too few arguments to function ishop\Router::getRoutes(), 0 passed in C:\OSPanel\domains\ishop.loc\public\index.php on line 11 and exactly 1 expected | Файл: C:\OSPanel\domains\ishop.loc\vendor\ishop\core\Router.php |  Строка: 17
==============================
[2019-08-28 09:49:08] Текст ошибки: Too few arguments to function ishop\Router::getRoutes(), 0 passed in C:\OSPanel\domains\ishop.loc\public\index.php on line 11 and exactly 1 expected | Файл: C:\OSPanel\domains\ishop.loc\vendor\ishop\core\Router.php |  Строка: 17
==============================
[2019-08-28 09:49:08] Текст ошибки: Too few arguments to function ishop\Router::getRoutes(), 0 passed in C:\OSPanel\domains\ishop.loc\public\index.php on line 11 and exactly 1 expected | Файл: C:\OSPanel\domains\ishop.loc\vendor\ishop\core\Router.php |  Строка: 17
==============================
[2019-08-28 09:49:08] Текст ошибки: Too few arguments to function ishop\Router::getRoutes(), 0 passed in C:\OSPanel\domains\ishop.loc\public\index.php on line 11 and exactly 1 expected | Файл: C:\OSPanel\domains\ishop.loc\vendor\ishop\core\Router.php |  Строка: 17
==============================
[2019-08-28 09:49:46] Текст ошибки: Too few arguments to function ishop\Router::getRoutes(), 0 passed in C:\OSPanel\domains\ishop.loc\public\index.php on line 11 and exactly 1 expected | Файл: C:\OSPanel\domains\ishop.loc\vendor\ishop\core\Router.php |  Строка: 17
==============================
[2019-08-28 09:49:46] Текст ошибки: Too few arguments to function ishop\Router::getRoutes(), 0 passed in C:\OSPanel\domains\ishop.loc\public\index.php on line 11 and exactly 1 expected | Файл: C:\OSPanel\domains\ishop.loc\vendor\ishop\core\Router.php |  Строка: 17
==============================
[2019-08-28 09:49:47] Текст ошибки: Too few arguments to function ishop\Router::getRoutes(), 0 passed in C:\OSPanel\domains\ishop.loc\public\index.php on line 11 and exactly 1 expected | Файл: C:\OSPanel\domains\ishop.loc\vendor\ishop\core\Router.php |  Строка: 17
==============================
[2019-08-28 09:51:01] Текст ошибки: Too few arguments to function ishop\Router::getRoutes(), 0 passed in C:\OSPanel\domains\ishop.loc\public\index.php on line 12 and exactly 1 expected | Файл: C:\OSPanel\domains\ishop.loc\vendor\ishop\core\Router.php |  Строка: 17
==============================
[2019-08-28 09:51:05] Текст ошибки: Too few arguments to function ishop\Router::getRoutes(), 0 passed in C:\OSPanel\domains\ishop.loc\public\index.php on line 11 and exactly 1 expected | Файл: C:\OSPanel\domains\ishop.loc\vendor\ishop\core\Router.php |  Строка: 17
==============================
[2019-08-28 09:52:16] Текст ошибки: Too few arguments to function ishop\Router::getRoutes(), 0 passed in C:\OSPanel\domains\ishop.loc\public\index.php on line 11 and exactly 1 expected | Файл: C:\OSPanel\domains\ishop.loc\vendor\ishop\core\Router.php |  Строка: 17
==============================
[2019-08-28 10:19:23] Текст ошибки: Class 'mysql_xdevapi\Exception' not found | Файл: C:\OSPanel\domains\ishop.loc\vendor\ishop\core\Router.php |  Строка: 32
==============================
[2019-08-28 10:19:23] Текст ошибки: Class 'mysql_xdevapi\Exception' not found | Файл: C:\OSPanel\domains\ishop.loc\vendor\ishop\core\Router.php |  Строка: 32
==============================
[2019-08-28 10:19:23] Текст ошибки: Class 'mysql_xdevapi\Exception' not found | Файл: C:\OSPanel\domains\ishop.loc\vendor\ishop\core\Router.php |  Строка: 32
==============================
[2019-08-28 10:19:23] Текст ошибки: Class 'mysql_xdevapi\Exception' not found | Файл: C:\OSPanel\domains\ishop.loc\vendor\ishop\core\Router.php |  Строка: 32
==============================
[2019-08-28 10:19:25] Текст ошибки: Class 'mysql_xdevapi\Exception' not found | Файл: C:\OSPanel\domains\ishop.loc\vendor\ishop\core\Router.php |  Строка: 32
==============================
[2019-08-28 10:19:25] Текст ошибки: Class 'mysql_xdevapi\Exception' not found | Файл: C:\OSPanel\domains\ishop.loc\vendor\ishop\core\Router.php |  Строка: 32
==============================
[2019-08-28 10:19:27] Текст ошибки: Class 'mysql_xdevapi\Exception' not found | Файл: C:\OSPanel\domains\ishop.loc\vendor\ishop\core\Router.php |  Строка: 32
==============================
[2019-08-28 10:19:27] Текст ошибки: Class 'mysql_xdevapi\Exception' not found | Файл: C:\OSPanel\domains\ishop.loc\vendor\ishop\core\Router.php |  Строка: 32
==============================
[2019-08-28 10:20:24] Текст ошибки: Class 'mysql_xdevapi\Exception' not found | Файл: C:\OSPanel\domains\ishop.loc\vendor\ishop\core\Router.php |  Строка: 32
==============================
[2019-08-28 10:20:24] Текст ошибки: Class 'mysql_xdevapi\Exception' not found | Файл: C:\OSPanel\domains\ishop.loc\vendor\ishop\core\Router.php |  Строка: 32
==============================
[2019-08-28 10:22:27] Текст ошибки: Class 'mysql_xdevapi\Exception' not found | Файл: C:\OSPanel\domains\ishop.loc\vendor\ishop\core\Router.php |  Строка: 32
==============================
[2019-08-28 10:22:27] Текст ошибки: Class 'mysql_xdevapi\Exception' not found | Файл: C:\OSPanel\domains\ishop.loc\vendor\ishop\core\Router.php |  Строка: 32
==============================
[2019-08-28 10:22:59] Текст ошибки: Class 'mysql_xdevapi\Exception' not found | Файл: C:\OSPanel\domains\ishop.loc\vendor\ishop\core\Router.php |  Строка: 32
==============================
[2019-08-28 10:22:59] Текст ошибки: Class 'mysql_xdevapi\Exception' not found | Файл: C:\OSPanel\domains\ishop.loc\vendor\ishop\core\Router.php |  Строка: 32
==============================
[2019-08-28 10:23:36] Текст ошибки: Class 'mysql_xdevapi\Exception' not found | Файл: C:\OSPanel\domains\ishop.loc\vendor\ishop\core\Router.php |  Строка: 32
==============================
[2019-08-28 10:23:36] Текст ошибки: Class 'mysql_xdevapi\Exception' not found | Файл: C:\OSPanel\domains\ishop.loc\vendor\ishop\core\Router.php |  Строка: 32
==============================
[2019-08-28 10:24:35] Текст ошибки: Class 'mysql_xdevapi\Exception' not found | Файл: C:\OSPanel\domains\ishop.loc\vendor\ishop\core\Router.php |  Строка: 32
==============================
[2019-08-28 10:24:35] Текст ошибки: Class 'mysql_xdevapi\Exception' not found | Файл: C:\OSPanel\domains\ishop.loc\vendor\ishop\core\Router.php |  Строка: 32
==============================
[2019-08-28 10:24:56] Текст ошибки: Class 'mysql_xdevapi\Exception' not found | Файл: C:\OSPanel\domains\ishop.loc\vendor\ishop\core\Router.php |  Строка: 32
==============================
[2019-08-28 10:24:56] Текст ошибки: Class 'mysql_xdevapi\Exception' not found | Файл: C:\OSPanel\domains\ishop.loc\vendor\ishop\core\Router.php |  Строка: 32
==============================
[2019-08-28 10:24:57] Текст ошибки: Class 'mysql_xdevapi\Exception' not found | Файл: C:\OSPanel\domains\ishop.loc\vendor\ishop\core\Router.php |  Строка: 32
==============================
[2019-08-28 10:24:57] Текст ошибки: Class 'mysql_xdevapi\Exception' not found | Файл: C:\OSPanel\domains\ishop.loc\vendor\ishop\core\Router.php |  Строка: 32
==============================
[2019-08-28 10:25:00] Текст ошибки: Class 'mysql_xdevapi\Exception' not found | Файл: C:\OSPanel\domains\ishop.loc\vendor\ishop\core\Router.php |  Строка: 32
==============================
[2019-08-28 10:25:00] Текст ошибки: Class 'mysql_xdevapi\Exception' not found | Файл: C:\OSPanel\domains\ishop.loc\vendor\ishop\core\Router.php |  Строка: 32
==============================
[2019-08-28 10:25:50] Текст ошибки: Страница не найдена | Файл: C:\OSPanel\domains\ishop.loc\vendor\ishop\core\Router.php |  Строка: 32
==============================
[2019-08-28 10:25:50] Текст ошибки: Страница не найдена | Файл: C:\OSPanel\domains\ishop.loc\vendor\ishop\core\Router.php |  Строка: 32
==============================
[2019-08-28 10:25:51] Текст ошибки: Страница не найдена | Файл: C:\OSPanel\domains\ishop.loc\vendor\ishop\core\Router.php |  Строка: 32
==============================
[2019-08-28 10:25:51] Текст ошибки: Страница не найдена | Файл: C:\OSPanel\domains\ishop.loc\vendor\ishop\core\Router.php |  Строка: 32
==============================
[2019-08-28 10:25:51] Текст ошибки: Страница не найдена | Файл: C:\OSPanel\domains\ishop.loc\vendor\ishop\core\Router.php |  Строка: 32
==============================
[2019-08-28 10:25:56] Текст ошибки: Страница не найдена | Файл: C:\OSPanel\domains\ishop.loc\vendor\ishop\core\Router.php |  Строка: 32
==============================
[2019-08-28 10:26:20] Текст ошибки: Страница не найдена | Файл: C:\OSPanel\domains\ishop.loc\vendor\ishop\core\Router.php |  Строка: 32
==============================
[2019-08-28 10:28:52] Текст ошибки: Страница не найдена | Файл: C:\OSPanel\domains\ishop.loc\vendor\ishop\core\Router.php |  Строка: 33
==============================
[2019-08-28 10:28:53] Текст ошибки: Страница не найдена | Файл: C:\OSPanel\domains\ishop.loc\vendor\ishop\core\Router.php |  Строка: 33
==============================
[2019-08-28 10:28:53] Текст ошибки: Страница не найдена | Файл: C:\OSPanel\domains\ishop.loc\vendor\ishop\core\Router.php |  Строка: 33
==============================
[2019-08-28 10:28:53] Текст ошибки: Страница не найдена | Файл: C:\OSPanel\domains\ishop.loc\vendor\ishop\core\Router.php |  Строка: 33
==============================
[2019-08-28 10:41:53] Текст ошибки: Контроллер app/controllers\PageNewController не найден | Файл: C:\OSPanel\domains\ishop.loc\vendor\ishop\core\Router.php |  Строка: 36
==============================
[2019-08-28 10:42:18] Текст ошибки: Контроллер app/controllers\MainController не найден | Файл: C:\OSPanel\domains\ishop.loc\vendor\ishop\core\Router.php |  Строка: 36
==============================
[2019-08-28 10:43:28] Текст ошибки: Контроллер app/controllers\MainController не найден | Файл: C:\OSPanel\domains\ishop.loc\vendor\ishop\core\Router.php |  Строка: 36
==============================
[2019-08-28 10:43:52] Текст ошибки: Контроллер app/controllers\MainController не найден | Файл: C:\OSPanel\domains\ishop.loc\vendor\ishop\core\Router.php |  Строка: 36
==============================
[2019-08-28 10:44:07] Текст ошибки: Контроллер app/controllers\MainController не найден | Файл: C:\OSPanel\domains\ishop.loc\vendor\ishop\core\Router.php |  Строка: 36
==============================
[2019-08-28 10:44:37] Текст ошибки: Контроллер app/controllers\MainController не найден | Файл: C:\OSPanel\domains\ishop.loc\vendor\ishop\core\Router.php |  Строка: 35
==============================
[2019-08-28 10:44:41] Текст ошибки: Class 'app/controllers\MainController' not found | Файл: C:\OSPanel\domains\ishop.loc\vendor\ishop\core\Router.php |  Строка: 31
==============================
[2019-08-28 10:44:58] Текст ошибки: Class 'app/controllers\MainController' not found | Файл: C:\OSPanel\domains\ishop.loc\vendor\ishop\core\Router.php |  Строка: 31
==============================
[2019-08-28 10:44:58] Текст ошибки: Class 'app/controllers\MainController' not found | Файл: C:\OSPanel\domains\ishop.loc\vendor\ishop\core\Router.php |  Строка: 31
==============================
[2019-08-28 10:44:59] Текст ошибки: Class 'app/controllers\MainController' not found | Файл: C:\OSPanel\domains\ishop.loc\vendor\ishop\core\Router.php |  Строка: 31
==============================
[2019-08-28 10:44:59] Текст ошибки: Class 'app/controllers\MainController' not found | Файл: C:\OSPanel\domains\ishop.loc\vendor\ishop\core\Router.php |  Строка: 31
==============================
[2019-08-28 10:44:59] Текст ошибки: Class 'app/controllers\MainController' not found | Файл: C:\OSPanel\domains\ishop.loc\vendor\ishop\core\Router.php |  Строка: 31
==============================
[2019-08-28 10:47:03] Текст ошибки: Метод app/controllers\PageController::addAction не найден | Файл: C:\OSPanel\domains\ishop.loc\vendor\ishop\core\Router.php |  Строка: 36
==============================
[2019-08-28 10:47:40] Текст ошибки: Метод app/controllers\PageController::addAction не найден | Файл: C:\OSPanel\domains\ishop.loc\vendor\ishop\core\Router.php |  Строка: 36
==============================
[2019-08-28 10:47:41] Текст ошибки: Метод app/controllers\PageController::addAction не найден | Файл: C:\OSPanel\domains\ishop.loc\vendor\ishop\core\Router.php |  Строка: 36
==============================
[2019-08-28 10:47:42] Текст ошибки: Метод app/controllers\PageController::addAction не найден | Файл: C:\OSPanel\domains\ishop.loc\vendor\ishop\core\Router.php |  Строка: 36
==============================
[2019-08-28 10:47:43] Текст ошибки: Метод app/controllers\PageController::indexAction не найден | Файл: C:\OSPanel\domains\ishop.loc\vendor\ishop\core\Router.php |  Строка: 36
==============================
[2019-08-28 10:47:43] Текст ошибки: Метод app/controllers\MainController::indexAction не найден | Файл: C:\OSPanel\domains\ishop.loc\vendor\ishop\core\Router.php |  Строка: 36
==============================
[2019-08-28 10:47:43] Текст ошибки: Метод app/controllers\MainController::indexAction не найден | Файл: C:\OSPanel\domains\ishop.loc\vendor\ishop\core\Router.php |  Строка: 36
==============================
[2019-08-28 10:47:44] Текст ошибки: Метод app/controllers\MainController::indexAction не найден | Файл: C:\OSPanel\domains\ishop.loc\vendor\ishop\core\Router.php |  Строка: 36
==============================
[2019-08-28 10:48:05] Текст ошибки: Метод app/controllers\MainController::indexAction не найден | Файл: C:\OSPanel\domains\ishop.loc\vendor\ishop\core\Router.php |  Строка: 36
==============================
[2019-08-28 10:48:06] Текст ошибки: Метод app/controllers\MainController::indexAction не найден | Файл: C:\OSPanel\domains\ishop.loc\vendor\ishop\core\Router.php |  Строка: 36
==============================
[2019-08-28 10:48:06] Текст ошибки: Метод app/controllers\MainController::indexAction не найден | Файл: C:\OSPanel\domains\ishop.loc\vendor\ishop\core\Router.php |  Строка: 36
==============================
[2019-08-28 10:48:06] Текст ошибки: Метод app/controllers\MainController::indexAction не найден | Файл: C:\OSPanel\domains\ishop.loc\vendor\ishop\core\Router.php |  Строка: 36
==============================
[2019-08-28 10:48:20] Текст ошибки: Метод app/controllers\MainController::indexAction не найден | Файл: C:\OSPanel\domains\ishop.loc\vendor\ishop\core\Router.php |  Строка: 36
==============================
[2019-08-28 10:48:21] Текст ошибки: Метод app/controllers\MainController::indexAction не найден | Файл: C:\OSPanel\domains\ishop.loc\vendor\ishop\core\Router.php |  Строка: 36
==============================
[2019-08-28 10:48:21] Текст ошибки: Метод app/controllers\MainController::indexAction не найден | Файл: C:\OSPanel\domains\ishop.loc\vendor\ishop\core\Router.php |  Строка: 36
==============================
[2019-08-28 10:48:35] Текст ошибки: Метод app/controllers\MainController::indexAction не найден | Файл: C:\OSPanel\domains\ishop.loc\vendor\ishop\core\Router.php |  Строка: 36
==============================
[2019-08-28 10:48:35] Текст ошибки: Метод app/controllers\MainController::indexAction не найден | Файл: C:\OSPanel\domains\ishop.loc\vendor\ishop\core\Router.php |  Строка: 36
==============================
[2019-08-28 10:48:35] Текст ошибки: Метод app/controllers\MainController::indexAction не найден | Файл: C:\OSPanel\domains\ishop.loc\vendor\ishop\core\Router.php |  Строка: 36
==============================
[2019-08-28 10:48:35] Текст ошибки: Метод app/controllers\MainController::indexAction не найден | Файл: C:\OSPanel\domains\ishop.loc\vendor\ishop\core\Router.php |  Строка: 36
==============================
[2019-08-28 10:48:36] Текст ошибки: Метод app/controllers\MainController::indexAction не найден | Файл: C:\OSPanel\domains\ishop.loc\vendor\ishop\core\Router.php |  Строка: 36
==============================
[2019-08-28 10:48:36] Текст ошибки: Метод app/controllers\MainController::indexAction не найден | Файл: C:\OSPanel\domains\ishop.loc\vendor\ishop\core\Router.php |  Строка: 36
==============================
[2019-08-28 10:48:36] Текст ошибки: Метод app/controllers\MainController::indexAction не найден | Файл: C:\OSPanel\domains\ishop.loc\vendor\ishop\core\Router.php |  Строка: 36
==============================
[2019-08-28 10:48:36] Текст ошибки: Метод app/controllers\MainController::indexAction не найден | Файл: C:\OSPanel\domains\ishop.loc\vendor\ishop\core\Router.php |  Строка: 36
==============================
[2019-08-28 10:48:41] Текст ошибки: Страница не найдена | Файл: C:\OSPanel\domains\ishop.loc\vendor\ishop\core\Router.php |  Строка: 44
==============================
[2019-08-28 10:48:42] Текст ошибки: Метод app/controllers\MainController::indexAction не найден | Файл: C:\OSPanel\domains\ishop.loc\vendor\ishop\core\Router.php |  Строка: 36
==============================
[2019-08-28 10:48:46] Текст ошибки: Class 'app/controllers\MainController' not found | Файл: C:\OSPanel\domains\ishop.loc\vendor\ishop\core\Router.php |  Строка: 31
==============================
[2019-08-28 10:49:09] Текст ошибки: Class 'app/controllers\MainController' not found | Файл: C:\OSPanel\domains\ishop.loc\vendor\ishop\core\Router.php |  Строка: 31
==============================
[2019-08-28 10:49:10] Текст ошибки: Class 'app/controllers\MainController' not found | Файл: C:\OSPanel\domains\ishop.loc\vendor\ishop\core\Router.php |  Строка: 31
==============================
[2019-08-28 10:50:08] Текст ошибки: Class 'app/controllers\MainController' not found | Файл: C:\OSPanel\domains\ishop.loc\vendor\ishop\core\Router.php |  Строка: 31
==============================
[2019-08-28 10:50:09] Текст ошибки: Class 'app/controllers\MainController' not found | Файл: C:\OSPanel\domains\ishop.loc\vendor\ishop\core\Router.php |  Строка: 31
==============================
[2019-08-28 10:50:09] Текст ошибки: Class 'app/controllers\MainController' not found | Файл: C:\OSPanel\domains\ishop.loc\vendor\ishop\core\Router.php |  Строка: 31
==============================
[2019-08-28 10:50:09] Текст ошибки: Class 'app/controllers\MainController' not found | Файл: C:\OSPanel\domains\ishop.loc\vendor\ishop\core\Router.php |  Строка: 31
==============================
[2019-08-28 10:50:09] Текст ошибки: Class 'app/controllers\MainController' not found | Файл: C:\OSPanel\domains\ishop.loc\vendor\ishop\core\Router.php |  Строка: 31
==============================
[2019-08-28 10:50:49] Текст ошибки: Контроллер app/controllers\MainController не найден | Файл: C:\OSPanel\domains\ishop.loc\vendor\ishop\core\Router.php |  Строка: 40
==============================
[2019-08-28 10:50:51] Текст ошибки: Контроллер app/controllers\MainController не найден | Файл: C:\OSPanel\domains\ishop.loc\vendor\ishop\core\Router.php |  Строка: 40
==============================
[2019-08-28 10:50:52] Текст ошибки: Контроллер app/controllers\MainController не найден | Файл: C:\OSPanel\domains\ishop.loc\vendor\ishop\core\Router.php |  Строка: 40
==============================
[2019-08-28 10:50:53] Текст ошибки: Контроллер app/controllers\PageController не найден | Файл: C:\OSPanel\domains\ishop.loc\vendor\ishop\core\Router.php |  Строка: 40
==============================
[2019-08-28 10:50:55] Текст ошибки: Контроллер app/controllers\MainController не найден | Файл: C:\OSPanel\domains\ishop.loc\vendor\ishop\core\Router.php |  Строка: 40
==============================
[2019-08-28 10:50:56] Текст ошибки: Контроллер app/controllers\MainController не найден | Файл: C:\OSPanel\domains\ishop.loc\vendor\ishop\core\Router.php |  Строка: 40
==============================
[2019-08-28 10:50:56] Текст ошибки: Контроллер app/controllers\MainController не найден | Файл: C:\OSPanel\domains\ishop.loc\vendor\ishop\core\Router.php |  Строка: 40
==============================
[2019-08-28 10:50:56] Текст ошибки: Контроллер app/controllers\MainController не найден | Файл: C:\OSPanel\domains\ishop.loc\vendor\ishop\core\Router.php |  Строка: 40
==============================
[2019-08-28 10:50:56] Текст ошибки: Контроллер app/controllers\MainController не найден | Файл: C:\OSPanel\domains\ishop.loc\vendor\ishop\core\Router.php |  Строка: 40
==============================
[2019-08-28 10:50:58] Текст ошибки: Class 'app/controllers\MainController' not found | Файл: C:\OSPanel\domains\ishop.loc\vendor\ishop\core\Router.php |  Строка: 31
==============================
[2019-08-28 10:51:09] Текст ошибки: Контроллер app/controllers\MainController не найден | Файл: C:\OSPanel\domains\ishop.loc\vendor\ishop\core\Router.php |  Строка: 40
==============================
[2019-08-28 10:51:09] Текст ошибки: Контроллер app/controllers\MainController не найден | Файл: C:\OSPanel\domains\ishop.loc\vendor\ishop\core\Router.php |  Строка: 40
==============================
[2019-08-28 10:51:09] Текст ошибки: Контроллер app/controllers\MainController не найден | Файл: C:\OSPanel\domains\ishop.loc\vendor\ishop\core\Router.php |  Строка: 40
==============================
[2019-08-28 10:51:34] Текст ошибки: Контроллер app/controllers\MainController не найден | Файл: C:\OSPanel\domains\ishop.loc\vendor\ishop\core\Router.php |  Строка: 40
==============================
[2019-08-28 10:51:34] Текст ошибки: Контроллер app/controllers\MainController не найден | Файл: C:\OSPanel\domains\ishop.loc\vendor\ishop\core\Router.php |  Строка: 40
==============================
[2019-08-28 10:51:34] Текст ошибки: Контроллер app/controllers\MainController не найден | Файл: C:\OSPanel\domains\ishop.loc\vendor\ishop\core\Router.php |  Строка: 40
==============================
[2019-08-28 10:51:35] Текст ошибки: Контроллер app/controllers\MainController не найден | Файл: C:\OSPanel\domains\ishop.loc\vendor\ishop\core\Router.php |  Строка: 40
==============================
[2019-08-28 10:51:35] Текст ошибки: Контроллер app/controllers\MainController не найден | Файл: C:\OSPanel\domains\ishop.loc\vendor\ishop\core\Router.php |  Строка: 40
==============================
[2019-08-28 10:51:35] Текст ошибки: Контроллер app/controllers\MainController не найден | Файл: C:\OSPanel\domains\ishop.loc\vendor\ishop\core\Router.php |  Строка: 40
==============================
[2019-08-28 10:51:42] Текст ошибки: Контроллер app/controllers\MainController не найден d | Файл: C:\OSPanel\domains\ishop.loc\vendor\ishop\core\Router.php |  Строка: 40
==============================
[2019-08-28 10:51:45] Текст ошибки: Контроллер app/controllers\MainController не найден | Файл: C:\OSPanel\domains\ishop.loc\vendor\ishop\core\Router.php |  Строка: 40
==============================
[2019-08-28 10:52:00] Текст ошибки: Контроллер app/controllers\MainController не найден | Файл: C:\OSPanel\domains\ishop.loc\vendor\ishop\core\Router.php |  Строка: 41
==============================
[2019-08-28 10:52:14] Текст ошибки: Контроллер app/controllers/MainController не найден | Файл: C:\OSPanel\domains\ishop.loc\vendor\ishop\core\Router.php |  Строка: 41
==============================
[2019-08-28 10:52:15] Текст ошибки: Контроллер app/controllers/MainController не найден | Файл: C:\OSPanel\domains\ishop.loc\vendor\ishop\core\Router.php |  Строка: 41
==============================
[2019-08-28 10:52:18] Текст ошибки: Контроллер /app/controllers\MainController не найден | Файл: C:\OSPanel\domains\ishop.loc\vendor\ishop\core\Router.php |  Строка: 41
==============================
[2019-08-28 10:52:19] Текст ошибки: Контроллер /app/controllers\MainController не найден | Файл: C:\OSPanel\domains\ishop.loc\vendor\ishop\core\Router.php |  Строка: 41
==============================
[2019-08-28 10:52:20] Текст ошибки: Контроллер /app/controllers\MainController не найден | Файл: C:\OSPanel\domains\ishop.loc\vendor\ishop\core\Router.php |  Строка: 41
==============================
[2019-08-28 10:52:43] Текст ошибки: Контроллер /app/controllers\MainController не найден | Файл: C:\OSPanel\domains\ishop.loc\vendor\ishop\core\Router.php |  Строка: 41
==============================
[2019-08-28 10:52:45] Текст ошибки: Контроллер app/controllers\MainController не найден | Файл: C:\OSPanel\domains\ishop.loc\vendor\ishop\core\Router.php |  Строка: 41
==============================
[2019-08-28 10:53:17] Текст ошибки: Контроллер app/controllers\MainController не найден | Файл: C:\OSPanel\domains\ishop.loc\vendor\ishop\core\Router.php |  Строка: 41
==============================
[2019-08-28 10:53:17] Текст ошибки: Контроллер app/controllers\MainController не найден | Файл: C:\OSPanel\domains\ishop.loc\vendor\ishop\core\Router.php |  Строка: 41
==============================
[2019-08-28 10:53:17] Текст ошибки: Контроллер app/controllers\MainController не найден | Файл: C:\OSPanel\domains\ishop.loc\vendor\ishop\core\Router.php |  Строка: 41
==============================
[2019-08-28 10:53:54] Текст ошибки: Метод app\controllers\MainController::indexAction не найден | Файл: C:\OSPanel\domains\ishop.loc\vendor\ishop\core\Router.php |  Строка: 37
==============================
[2019-08-28 10:53:55] Текст ошибки: Метод app\controllers\MainController::indexAction не найден | Файл: C:\OSPanel\domains\ishop.loc\vendor\ishop\core\Router.php |  Строка: 37
==============================
[2019-08-28 10:53:55] Текст ошибки: Метод app\controllers\MainController::indexAction не найден | Файл: C:\OSPanel\domains\ishop.loc\vendor\ishop\core\Router.php |  Строка: 37
==============================
[2019-08-28 10:53:55] Текст ошибки: Метод app\controllers\MainController::indexAction не найден | Файл: C:\OSPanel\domains\ishop.loc\vendor\ishop\core\Router.php |  Строка: 37
==============================
[2019-08-28 10:53:55] Текст ошибки: Метод app\controllers\MainController::indexAction не найден | Файл: C:\OSPanel\domains\ishop.loc\vendor\ishop\core\Router.php |  Строка: 37
==============================
[2019-08-28 10:53:55] Текст ошибки: Метод app\controllers\MainController::indexAction не найден | Файл: C:\OSPanel\domains\ishop.loc\vendor\ishop\core\Router.php |  Строка: 37
==============================
[2019-08-28 10:54:51] Текст ошибки: Контроллер app\controllers\MainController не найден | Файл: C:\OSPanel\domains\ishop.loc\vendor\ishop\core\Router.php |  Строка: 41
==============================
[2019-08-28 10:54:51] Текст ошибки: Контроллер app\controllers\MainController не найден | Файл: C:\OSPanel\domains\ishop.loc\vendor\ishop\core\Router.php |  Строка: 41
==============================
[2019-08-28 10:54:51] Текст ошибки: Контроллер app\controllers\MainController не найден | Файл: C:\OSPanel\domains\ishop.loc\vendor\ishop\core\Router.php |  Строка: 41
==============================
[2019-08-28 10:54:51] Текст ошибки: Контроллер app\controllers\MainController не найден | Файл: C:\OSPanel\domains\ishop.loc\vendor\ishop\core\Router.php |  Строка: 41
==============================
[2019-08-28 10:54:51] Текст ошибки: Контроллер app\controllers\MainController не найден | Файл: C:\OSPanel\domains\ishop.loc\vendor\ishop\core\Router.php |  Строка: 41
==============================
[2019-08-28 10:54:59] Текст ошибки: Контроллер app\controllers\MainController не найден | Файл: C:\OSPanel\domains\ishop.loc\vendor\ishop\core\Router.php |  Строка: 41
==============================
[2019-08-28 10:54:59] Текст ошибки: Контроллер app\controllers\MainController не найден | Файл: C:\OSPanel\domains\ishop.loc\vendor\ishop\core\Router.php |  Строка: 41
==============================
[2019-08-28 10:54:59] Текст ошибки: Контроллер app\controllers\MainController не найден | Файл: C:\OSPanel\domains\ishop.loc\vendor\ishop\core\Router.php |  Строка: 41
==============================
[2019-08-28 10:55:03] Текст ошибки: Контроллер app\controllers\MainController не найден | Файл: C:\OSPanel\domains\ishop.loc\vendor\ishop\core\Router.php |  Строка: 41
==============================
[2019-08-28 10:55:03] Текст ошибки: Контроллер app\controllers\MainController не найден | Файл: C:\OSPanel\domains\ishop.loc\vendor\ishop\core\Router.php |  Строка: 41
==============================
[2019-08-28 10:55:03] Текст ошибки: Контроллер app\controllers\MainController не найден | Файл: C:\OSPanel\domains\ishop.loc\vendor\ishop\core\Router.php |  Строка: 41
==============================
[2019-08-28 10:55:04] Текст ошибки: Контроллер app\controllers\MainController не найден | Файл: C:\OSPanel\domains\ishop.loc\vendor\ishop\core\Router.php |  Строка: 41
==============================
[2019-08-28 10:55:21] Текст ошибки: Контроллер app\controllers\MainController не найден | Файл: C:\OSPanel\domains\ishop.loc\vendor\ishop\core\Router.php |  Строка: 41
==============================
[2019-08-28 10:55:21] Текст ошибки: Контроллер app\controllers\MainController не найден | Файл: C:\OSPanel\domains\ishop.loc\vendor\ishop\core\Router.php |  Строка: 41
==============================
[2019-08-28 10:55:21] Текст ошибки: Контроллер app\controllers\MainController не найден | Файл: C:\OSPanel\domains\ishop.loc\vendor\ishop\core\Router.php |  Строка: 41
==============================
[2019-08-28 10:55:21] Текст ошибки: Контроллер app\controllers\MainController не найден | Файл: C:\OSPanel\domains\ishop.loc\vendor\ishop\core\Router.php |  Строка: 41
==============================
[2019-08-28 10:55:32] Текст ошибки: Метод app\controllers\MainController::indexAction не найден | Файл: C:\OSPanel\domains\ishop.loc\vendor\ishop\core\Router.php |  Строка: 37
==============================
[2019-08-28 10:55:33] Текст ошибки: Метод app\controllers\MainController::indexAction не найден | Файл: C:\OSPanel\domains\ishop.loc\vendor\ishop\core\Router.php |  Строка: 37
==============================
[2019-08-28 10:55:33] Текст ошибки: Метод app\controllers\MainController::indexAction не найден | Файл: C:\OSPanel\domains\ishop.loc\vendor\ishop\core\Router.php |  Строка: 37
==============================
[2019-08-28 10:55:33] Текст ошибки: Метод app\controllers\MainController::indexAction не найден | Файл: C:\OSPanel\domains\ishop.loc\vendor\ishop\core\Router.php |  Строка: 37
==============================
[2019-08-28 10:55:35] Текст ошибки: Контроллер app\controllers\MainController не найден | Файл: C:\OSPanel\domains\ishop.loc\vendor\ishop\core\Router.php |  Строка: 41
==============================
[2019-08-28 10:55:35] Текст ошибки: Контроллер app\controllers\MainController не найден | Файл: C:\OSPanel\domains\ishop.loc\vendor\ishop\core\Router.php |  Строка: 41
==============================
[2019-08-28 10:55:36] Текст ошибки: Контроллер app\controllers\MainController не найден | Файл: C:\OSPanel\domains\ishop.loc\vendor\ishop\core\Router.php |  Строка: 41
==============================
[2019-08-28 10:55:38] Текст ошибки: Контроллер app\controllers\MainController не найден | Файл: C:\OSPanel\domains\ishop.loc\vendor\ishop\core\Router.php |  Строка: 41
==============================
[2019-08-28 10:55:42] Текст ошибки: Метод app\controllers\MainController::indexAction не найден | Файл: C:\OSPanel\domains\ishop.loc\vendor\ishop\core\Router.php |  Строка: 37
==============================
[2019-08-28 10:55:46] Текст ошибки: Метод app\controllers\MainController::indexAction не найден | Файл: C:\OSPanel\domains\ishop.loc\vendor\ishop\core\Router.php |  Строка: 37
==============================
[2019-08-28 10:56:16] Текст ошибки: Метод app\controllers\MainController::indexAction не найден | Файл: C:\OSPanel\domains\ishop.loc\vendor\ishop\core\Router.php |  Строка: 37
==============================
[2019-08-28 10:56:16] Текст ошибки: Метод app\controllers\MainController::indexAction не найден | Файл: C:\OSPanel\domains\ishop.loc\vendor\ishop\core\Router.php |  Строка: 37
==============================
[2019-08-28 10:56:16] Текст ошибки: Метод app\controllers\MainController::indexAction не найден | Файл: C:\OSPanel\domains\ishop.loc\vendor\ishop\core\Router.php |  Строка: 37
==============================
[2019-08-28 10:56:39] Текст ошибки: Метод app\controllers\MainController::indexAction не найден | Файл: C:\OSPanel\domains\ishop.loc\vendor\ishop\core\Router.php |  Строка: 38
==============================
[2019-08-28 10:56:40] Текст ошибки: Метод app\controllers\MainController::indexAction не найден | Файл: C:\OSPanel\domains\ishop.loc\vendor\ishop\core\Router.php |  Строка: 38
==============================
[2019-08-28 10:56:40] Текст ошибки: Метод app\controllers\MainController::indexAction не найден | Файл: C:\OSPanel\domains\ishop.loc\vendor\ishop\core\Router.php |  Строка: 38
==============================
[2019-08-28 10:56:46] Текст ошибки: Метод app\controllers\MainController::indexAction не найден | Файл: C:\OSPanel\domains\ishop.loc\vendor\ishop\core\Router.php |  Строка: 38
==============================
[2019-08-28 10:57:05] Текст ошибки: Метод app\controllers\MainController::indexAction не найден | Файл: C:\OSPanel\domains\ishop.loc\vendor\ishop\core\Router.php |  Строка: 39
==============================
[2019-08-28 10:57:15] Текст ошибки: Метод app\controllers\MainController::indexAction не найден | Файл: C:\OSPanel\domains\ishop.loc\vendor\ishop\core\Router.php |  Строка: 39
==============================
[2019-08-28 10:57:23] Текст ошибки: Метод app\controllers\MainController::indexAction не найден | Файл: C:\OSPanel\domains\ishop.loc\vendor\ishop\core\Router.php |  Строка: 39
==============================
[2019-08-28 10:57:24] Текст ошибки: Метод app\controllers\MainController::indexAction не найден | Файл: C:\OSPanel\domains\ishop.loc\vendor\ishop\core\Router.php |  Строка: 39
==============================
[2019-08-28 10:57:24] Текст ошибки: Метод app\controllers\MainController::indexAction не найден | Файл: C:\OSPanel\domains\ishop.loc\vendor\ishop\core\Router.php |  Строка: 39
==============================
[2019-08-28 10:57:24] Текст ошибки: Метод app\controllers\MainController::indexAction не найден | Файл: C:\OSPanel\domains\ishop.loc\vendor\ishop\core\Router.php |  Строка: 39
==============================
[2019-08-28 10:57:24] Текст ошибки: Метод app\controllers\MainController::indexAction не найден | Файл: C:\OSPanel\domains\ishop.loc\vendor\ishop\core\Router.php |  Строка: 39
==============================
[2019-08-28 10:57:24] Текст ошибки: Метод app\controllers\MainController::indexAction не найден | Файл: C:\OSPanel\domains\ishop.loc\vendor\ishop\core\Router.php |  Строка: 39
==============================
[2019-08-28 10:57:53] Текст ошибки: Метод app\controllers\MainController::indexAction не найден | Файл: C:\OSPanel\domains\ishop.loc\vendor\ishop\core\Router.php |  Строка: 39
==============================
[2019-08-28 10:57:53] Текст ошибки: Метод app\controllers\MainController::indexAction не найден | Файл: C:\OSPanel\domains\ishop.loc\vendor\ishop\core\Router.php |  Строка: 39
==============================
[2019-08-28 10:58:35] Текст ошибки: syntax error, unexpected 'private' (T_PRIVATE), expecting end of file | Файл: C:\OSPanel\domains\ishop.loc\app\controllers\MainController.php |  Строка: 2
==============================
[2019-08-28 10:58:36] Текст ошибки: syntax error, unexpected 'private' (T_PRIVATE), expecting end of file | Файл: C:\OSPanel\domains\ishop.loc\app\controllers\MainController.php |  Строка: 2
==============================
[2019-08-28 10:58:36] Текст ошибки: syntax error, unexpected 'private' (T_PRIVATE), expecting end of file | Файл: C:\OSPanel\domains\ishop.loc\app\controllers\MainController.php |  Строка: 2
==============================
[2019-08-28 10:58:57] Текст ошибки: syntax error, unexpected 'private' (T_PRIVATE), expecting end of file | Файл: C:\OSPanel\domains\ishop.loc\app\controllers\MainController.php |  Строка: 3
==============================
[2019-08-28 11:00:17] Текст ошибки: Метод app\controllers\MainController::indexAction не найден | Файл: C:\OSPanel\domains\ishop.loc\vendor\ishop\core\Router.php |  Строка: 39
==============================
[2019-08-29 09:31:31] Текст ошибки: Метод app\controllers\MainController::indexAction не найден | Файл: C:\OSPanel\domains\ishop.loc\vendor\ishop\core\Router.php |  Строка: 39
==============================
[2019-08-29 09:31:31] Текст ошибки: Метод app\controllers\MainController::indexAction не найден | Файл: C:\OSPanel\domains\ishop.loc\vendor\ishop\core\Router.php |  Строка: 39
==============================
[2019-08-29 09:31:31] Текст ошибки: Страница не найдена | Файл: C:\OSPanel\domains\ishop.loc\vendor\ishop\core\Router.php |  Строка: 47
==============================
[2019-08-29 09:31:47] Текст ошибки: Метод app\controllers\MainController::indexAction не найден | Файл: C:\OSPanel\domains\ishop.loc\vendor\ishop\core\Router.php |  Строка: 39
==============================
[2019-08-29 09:31:47] Текст ошибки: Метод app\controllers\MainController::indexAction не найден | Файл: C:\OSPanel\domains\ishop.loc\vendor\ishop\core\Router.php |  Строка: 39
==============================
[2019-08-29 09:31:48] Текст ошибки: Метод app\controllers\MainController::indexAction не найден | Файл: C:\OSPanel\domains\ishop.loc\vendor\ishop\core\Router.php |  Строка: 39
==============================
[2019-08-29 09:31:48] Текст ошибки: Метод app\controllers\MainController::indexAction не найден | Файл: C:\OSPanel\domains\ishop.loc\vendor\ishop\core\Router.php |  Строка: 39
==============================
[2019-08-29 09:31:48] Текст ошибки: Метод app\controllers\MainController::indexAction не найден | Файл: C:\OSPanel\domains\ishop.loc\vendor\ishop\core\Router.php |  Строка: 39
==============================
[2019-08-29 09:31:57] Текст ошибки: Метод app\controllers\MainController::indexAction не найден | Файл: C:\OSPanel\domains\ishop.loc\vendor\ishop\core\Router.php |  Строка: 39
==============================
[2019-08-29 09:31:57] Текст ошибки: Метод app\controllers\MainController::indexAction не найден | Файл: C:\OSPanel\domains\ishop.loc\vendor\ishop\core\Router.php |  Строка: 39
==============================
[2019-08-29 09:31:57] Текст ошибки: Метод app\controllers\MainController::indexAction не найден | Файл: C:\OSPanel\domains\ishop.loc\vendor\ishop\core\Router.php |  Строка: 39
==============================
[2019-08-29 09:31:57] Текст ошибки: Метод app\controllers\MainController::indexAction не найден | Файл: C:\OSPanel\domains\ishop.loc\vendor\ishop\core\Router.php |  Строка: 39
==============================
[2019-08-29 09:31:58] Текст ошибки: Метод app\controllers\MainController::indexAction не найден | Файл: C:\OSPanel\domains\ishop.loc\vendor\ishop\core\Router.php |  Строка: 39
==============================
[2019-08-29 09:32:43] Текст ошибки: Метод app\controllers\MainController::indexAction не найден | Файл: C:\OSPanel\domains\ishop.loc\vendor\ishop\core\Router.php |  Строка: 39
==============================
[2019-08-29 09:32:43] Текст ошибки: Метод app\controllers\MainController::indexAction не найден | Файл: C:\OSPanel\domains\ishop.loc\vendor\ishop\core\Router.php |  Строка: 39
==============================
[2019-08-29 09:32:43] Текст ошибки: Метод app\controllers\MainController::indexAction не найден | Файл: C:\OSPanel\domains\ishop.loc\vendor\ishop\core\Router.php |  Строка: 39
==============================
[2019-08-29 09:32:44] Текст ошибки: Метод app\controllers\MainController::indexAction не найден | Файл: C:\OSPanel\domains\ishop.loc\vendor\ishop\core\Router.php |  Строка: 39
==============================
[2019-08-29 09:32:44] Текст ошибки: Метод app\controllers\MainController::indexAction не найден | Файл: C:\OSPanel\domains\ishop.loc\vendor\ishop\core\Router.php |  Строка: 39
==============================
[2019-08-29 09:32:44] Текст ошибки: Метод app\controllers\MainController::indexAction не найден | Файл: C:\OSPanel\domains\ishop.loc\vendor\ishop\core\Router.php |  Строка: 39
==============================
[2019-08-29 09:32:44] Текст ошибки: Метод app\controllers\MainController::indexAction не найден | Файл: C:\OSPanel\domains\ishop.loc\vendor\ishop\core\Router.php |  Строка: 39
==============================
[2019-08-29 09:33:08] Текст ошибки: Метод app\controllers\MainController::indexAction не найден | Файл: C:\OSPanel\domains\ishop.loc\vendor\ishop\core\Router.php |  Строка: 39
==============================
[2019-08-29 09:33:26] Текст ошибки: Call to undefined method app\controllers\MainController::action() | Файл: C:\OSPanel\domains\ishop.loc\vendor\ishop\core\Router.php |  Строка: 34
==============================
[2019-08-29 09:33:27] Текст ошибки: Call to undefined method app\controllers\MainController::action() | Файл: C:\OSPanel\domains\ishop.loc\vendor\ishop\core\Router.php |  Строка: 34
==============================
[2019-08-29 09:33:27] Текст ошибки: Call to undefined method app\controllers\MainController::action() | Файл: C:\OSPanel\domains\ishop.loc\vendor\ishop\core\Router.php |  Строка: 34
==============================
[2019-08-29 09:33:27] Текст ошибки: Call to undefined method app\controllers\MainController::action() | Файл: C:\OSPanel\domains\ishop.loc\vendor\ishop\core\Router.php |  Строка: 34
==============================
[2019-08-29 09:33:32] Текст ошибки: Метод app\controllers\MainController::indexAction не найден | Файл: C:\OSPanel\domains\ishop.loc\vendor\ishop\core\Router.php |  Строка: 39
==============================
[2019-08-29 09:37:02] Текст ошибки: Контроллер app\controllers\MainController не найден | Файл: C:\OSPanel\domains\ishop.loc\vendor\ishop\core\Router.php |  Строка: 43
==============================
[2019-08-29 09:37:02] Текст ошибки: Контроллер app\controllers\MainController не найден | Файл: C:\OSPanel\domains\ishop.loc\vendor\ishop\core\Router.php |  Строка: 43
==============================
[2019-08-29 09:37:03] Текст ошибки: Контроллер app\controllers\MainController не найден | Файл: C:\OSPanel\domains\ishop.loc\vendor\ishop\core\Router.php |  Строка: 43
==============================
[2019-08-29 09:37:03] Текст ошибки: Контроллер app\controllers\MainController не найден | Файл: C:\OSPanel\domains\ishop.loc\vendor\ishop\core\Router.php |  Строка: 43
==============================
[2019-08-29 09:37:03] Текст ошибки: Контроллер app\controllers\MainController не найден | Файл: C:\OSPanel\domains\ishop.loc\vendor\ishop\core\Router.php |  Строка: 43
==============================
[2019-08-29 09:37:03] Текст ошибки: Контроллер app\controllers\MainController не найден | Файл: C:\OSPanel\domains\ishop.loc\vendor\ishop\core\Router.php |  Строка: 43
==============================
[2019-08-29 09:37:03] Текст ошибки: Контроллер app\controllers\MainController не найден | Файл: C:\OSPanel\domains\ishop.loc\vendor\ishop\core\Router.php |  Строка: 43
==============================
[2019-08-29 09:37:04] Текст ошибки: Контроллер app\controllers\MainController не найден | Файл: C:\OSPanel\domains\ishop.loc\vendor\ishop\core\Router.php |  Строка: 43
==============================
[2019-08-29 09:37:21] Текст ошибки: Метод app\controllers\MainController::indexAction не найден | Файл: C:\OSPanel\domains\ishop.loc\vendor\ishop\core\Router.php |  Строка: 39
==============================
[2019-08-29 09:38:14] Текст ошибки: Метод app\controllers\MainController::indexAction не найден | Файл: C:\OSPanel\domains\ishop.loc\vendor\ishop\core\Router.php |  Строка: 39
==============================
[2019-08-29 09:38:15] Текст ошибки: Метод app\controllers\MainController::indexAction не найден | Файл: C:\OSPanel\domains\ishop.loc\vendor\ishop\core\Router.php |  Строка: 39
==============================
[2019-08-29 09:38:15] Текст ошибки: Метод app\controllers\MainController::indexAction не найден | Файл: C:\OSPanel\domains\ishop.loc\vendor\ishop\core\Router.php |  Строка: 39
==============================
[2019-08-29 09:38:15] Текст ошибки: Метод app\controllers\MainController::indexAction не найден | Файл: C:\OSPanel\domains\ishop.loc\vendor\ishop\core\Router.php |  Строка: 39
==============================
[2019-08-29 09:38:21] Текст ошибки: Метод app\controllers\MainController::indexAction не найден | Файл: C:\OSPanel\domains\ishop.loc\vendor\ishop\core\Router.php |  Строка: 39
==============================
[2019-08-29 09:38:21] Текст ошибки: Метод app\controllers\MainController::indexAction не найден | Файл: C:\OSPanel\domains\ishop.loc\vendor\ishop\core\Router.php |  Строка: 39
==============================
[2019-08-29 09:38:22] Текст ошибки: Метод app\controllers\MainController::indexAction не найден | Файл: C:\OSPanel\domains\ishop.loc\vendor\ishop\core\Router.php |  Строка: 39
==============================
[2019-08-29 09:38:22] Текст ошибки: Метод app\controllers\MainController::indexAction не найден | Файл: C:\OSPanel\domains\ishop.loc\vendor\ishop\core\Router.php |  Строка: 39
==============================
[2019-08-29 09:38:43] Текст ошибки: Метод app\controllers\MainController::indexAction не найден | Файл: C:\OSPanel\domains\ishop.loc\vendor\ishop\core\Router.php |  Строка: 39
==============================
[2019-08-29 09:39:22] Текст ошибки: Метод app\controllers\MainController::indexAction не найден | Файл: C:\OSPanel\domains\ishop.loc\vendor\ishop\core\Router.php |  Строка: 39
==============================
[2019-08-29 09:39:23] Текст ошибки: Метод app\controllers\MainController::indexAction не найден | Файл: C:\OSPanel\domains\ishop.loc\vendor\ishop\core\Router.php |  Строка: 39
==============================
[2019-08-29 09:39:23] Текст ошибки: Метод app\controllers\MainController::indexAction не найден | Файл: C:\OSPanel\domains\ishop.loc\vendor\ishop\core\Router.php |  Строка: 39
==============================
[2019-08-29 09:39:54] Текст ошибки: Метод app\controllers\MainController::indexActions не найден | Файл: C:\OSPanel\domains\ishop.loc\vendor\ishop\core\Router.php |  Строка: 39
==============================
[2019-08-29 09:39:54] Текст ошибки: Метод app\controllers\MainController::indexActions не найден | Файл: C:\OSPanel\domains\ishop.loc\vendor\ishop\core\Router.php |  Строка: 39
==============================
[2019-08-29 09:39:54] Текст ошибки: Метод app\controllers\MainController::indexActions не найден | Файл: C:\OSPanel\domains\ishop.loc\vendor\ishop\core\Router.php |  Строка: 39
==============================
[2019-08-29 09:40:01] Текст ошибки: Метод app\controllers\MainController::indexAction не найден | Файл: C:\OSPanel\domains\ishop.loc\vendor\ishop\core\Router.php |  Строка: 39
==============================
[2019-08-29 09:40:37] Текст ошибки: Метод app\controllers\MainController::indexAction не найден | Файл: C:\OSPanel\domains\ishop.loc\vendor\ishop\core\Router.php |  Строка: 39
==============================
[2019-08-29 09:41:03] Текст ошибки: Call to undefined method app\controllers\MainController::action() | Файл: C:\OSPanel\domains\ishop.loc\vendor\ishop\core\Router.php |  Строка: 36
==============================
[2019-08-29 09:41:04] Текст ошибки: Call to undefined method app\controllers\MainController::action() | Файл: C:\OSPanel\domains\ishop.loc\vendor\ishop\core\Router.php |  Строка: 36
==============================
[2019-08-29 09:41:04] Текст ошибки: Call to undefined method app\controllers\MainController::action() | Файл: C:\OSPanel\domains\ishop.loc\vendor\ishop\core\Router.php |  Строка: 36
==============================
[2019-08-29 09:41:04] Текст ошибки: Call to undefined method app\controllers\MainController::action() | Файл: C:\OSPanel\domains\ishop.loc\vendor\ishop\core\Router.php |  Строка: 36
==============================
[2019-08-29 09:41:38] Текст ошибки: Call to undefined method app\controllers\MainController::action() | Файл: C:\OSPanel\domains\ishop.loc\vendor\ishop\core\Router.php |  Строка: 36
==============================
[2019-08-29 09:41:39] Текст ошибки: Call to undefined method app\controllers\MainController::action() | Файл: C:\OSPanel\domains\ishop.loc\vendor\ishop\core\Router.php |  Строка: 36
==============================
[2019-08-29 09:41:39] Текст ошибки: Call to undefined method app\controllers\MainController::action() | Файл: C:\OSPanel\domains\ishop.loc\vendor\ishop\core\Router.php |  Строка: 36
==============================
[2019-08-29 09:43:36] Текст ошибки: Call to undefined method app\controllers\MainController::action() | Файл: C:\OSPanel\domains\ishop.loc\vendor\ishop\core\Router.php |  Строка: 36
==============================
[2019-08-29 09:43:36] Текст ошибки: Call to undefined method app\controllers\MainController::action() | Файл: C:\OSPanel\domains\ishop.loc\vendor\ishop\core\Router.php |  Строка: 36
==============================
[2019-08-29 09:43:37] Текст ошибки: Call to undefined method app\controllers\MainController::action() | Файл: C:\OSPanel\domains\ishop.loc\vendor\ishop\core\Router.php |  Строка: 36
==============================
[2019-08-29 09:43:42] Текст ошибки: Call to undefined method app\controllers\MainController::action() | Файл: C:\OSPanel\domains\ishop.loc\vendor\ishop\core\Router.php |  Строка: 35
==============================
[2019-08-29 09:44:02] Текст ошибки: Контроллер app\controllers\PageController не найден | Файл: C:\OSPanel\domains\ishop.loc\vendor\ishop\core\Router.php |  Строка: 41
==============================
[2019-08-29 09:44:12] Текст ошибки: Метод app\controllers\PageController::indexAction не найден | Файл: C:\OSPanel\domains\ishop.loc\vendor\ishop\core\Router.php |  Строка: 37
==============================
[2019-08-29 09:44:19] Текст ошибки: Метод app\controllers\PageController::viewAction не найден | Файл: C:\OSPanel\domains\ishop.loc\vendor\ishop\core\Router.php |  Строка: 37
==============================
[2019-08-29 09:44:40] Текст ошибки: Call to undefined method app\controllers\PageController::action() | Файл: C:\OSPanel\domains\ishop.loc\vendor\ishop\core\Router.php |  Строка: 35
==============================
[2019-08-29 09:44:40] Текст ошибки: Call to undefined method app\controllers\PageController::action() | Файл: C:\OSPanel\domains\ishop.loc\vendor\ishop\core\Router.php |  Строка: 35
==============================
[2019-08-29 09:44:40] Текст ошибки: Call to undefined method app\controllers\PageController::action() | Файл: C:\OSPanel\domains\ishop.loc\vendor\ishop\core\Router.php |  Строка: 35
==============================
[2019-08-29 09:44:41] Текст ошибки: Call to undefined method app\controllers\PageController::action() | Файл: C:\OSPanel\domains\ishop.loc\vendor\ishop\core\Router.php |  Строка: 35
==============================
[2019-08-29 09:44:48] Текст ошибки: Метод app\controllers\PageController::indexAction не найден | Файл: C:\OSPanel\domains\ishop.loc\vendor\ishop\core\Router.php |  Строка: 37
==============================
[2019-08-29 09:44:50] Текст ошибки: Call to undefined method app\controllers\PageController::action() | Файл: C:\OSPanel\domains\ishop.loc\vendor\ishop\core\Router.php |  Строка: 35
==============================
[2019-08-29 09:45:38] Текст ошибки: Call to undefined method app\controllers\PageController::action() | Файл: C:\OSPanel\domains\ishop.loc\vendor\ishop\core\Router.php |  Строка: 35
==============================
[2019-08-29 09:45:39] Текст ошибки: Call to undefined method app\controllers\PageController::action() | Файл: C:\OSPanel\domains\ishop.loc\vendor\ishop\core\Router.php |  Строка: 35
==============================
[2019-08-29 09:45:39] Текст ошибки: Call to undefined method app\controllers\PageController::action() | Файл: C:\OSPanel\domains\ishop.loc\vendor\ishop\core\Router.php |  Строка: 35
==============================
[2019-08-29 09:45:39] Текст ошибки: Call to undefined method app\controllers\PageController::action() | Файл: C:\OSPanel\domains\ishop.loc\vendor\ishop\core\Router.php |  Строка: 35
==============================
[2019-08-29 09:45:39] Текст ошибки: Call to undefined method app\controllers\PageController::action() | Файл: C:\OSPanel\domains\ishop.loc\vendor\ishop\core\Router.php |  Строка: 35
==============================
[2019-08-29 09:45:40] Текст ошибки: Call to undefined method app\controllers\PageController::action() | Файл: C:\OSPanel\domains\ishop.loc\vendor\ishop\core\Router.php |  Строка: 35
==============================
[2019-08-29 09:49:34] Текст ошибки: Call to undefined method app\controllers\PageController::action() | Файл: C:\OSPanel\domains\ishop.loc\vendor\ishop\core\Router.php |  Строка: 36
==============================
[2019-08-29 09:49:35] Текст ошибки: Call to undefined method app\controllers\PageController::action() | Файл: C:\OSPanel\domains\ishop.loc\vendor\ishop\core\Router.php |  Строка: 36
==============================
[2019-08-29 09:50:03] Текст ошибки: Метод app\controllers\PageController::indexAction не найден | Файл: C:\OSPanel\domains\ishop.loc\vendor\ishop\core\Router.php |  Строка: 38
==============================
[2019-08-29 09:50:04] Текст ошибки: Метод app\controllers\PageController::indexAction не найден | Файл: C:\OSPanel\domains\ishop.loc\vendor\ishop\core\Router.php |  Строка: 38
==============================
[2019-08-29 09:50:04] Текст ошибки: Метод app\controllers\PageController::indexAction не найден | Файл: C:\OSPanel\domains\ishop.loc\vendor\ishop\core\Router.php |  Строка: 38
==============================
[2019-08-29 09:50:04] Текст ошибки: Метод app\controllers\PageController::indexAction не найден | Файл: C:\OSPanel\domains\ishop.loc\vendor\ishop\core\Router.php |  Строка: 38
==============================
[2019-08-29 09:50:57] Текст ошибки: Метод app\controllers\PageController::indexAction не найден | Файл: C:\OSPanel\domains\ishop.loc\vendor\ishop\core\Router.php |  Строка: 38
==============================
[2019-08-29 09:51:03] Текст ошибки: Метод app\controllers\PageController::indexAction не найден | Файл: C:\OSPanel\domains\ishop.loc\vendor\ishop\core\Router.php |  Строка: 38
==============================
[2019-08-29 09:52:01] Текст ошибки: Метод app\controllers\PageController::indexAction не найден | Файл: C:\OSPanel\domains\ishop.loc\vendor\ishop\core\Router.php |  Строка: 38
==============================
[2019-08-29 09:52:01] Текст ошибки: Метод app\controllers\PageController::indexAction не найден | Файл: C:\OSPanel\domains\ishop.loc\vendor\ishop\core\Router.php |  Строка: 38
==============================
[2019-08-29 09:52:02] Текст ошибки: Метод app\controllers\PageController::indexAction не найден | Файл: C:\OSPanel\domains\ishop.loc\vendor\ishop\core\Router.php |  Строка: 38
==============================
[2019-08-29 09:52:02] Текст ошибки: Метод app\controllers\PageController::indexAction не найден | Файл: C:\OSPanel\domains\ishop.loc\vendor\ishop\core\Router.php |  Строка: 38
==============================
[2019-08-29 09:52:57] Текст ошибки: Метод app\controllers\PageController::indexAction не найден | Файл: C:\OSPanel\domains\ishop.loc\vendor\ishop\core\Router.php |  Строка: 38
==============================
[2019-08-29 09:52:58] Текст ошибки: Метод app\controllers\PageController::indexAction не найден | Файл: C:\OSPanel\domains\ishop.loc\vendor\ishop\core\Router.php |  Строка: 38
==============================
[2019-08-29 09:52:58] Текст ошибки: Метод app\controllers\PageController::indexAction не найден | Файл: C:\OSPanel\domains\ishop.loc\vendor\ishop\core\Router.php |  Строка: 38
==============================
[2019-08-29 09:53:00] Текст ошибки: Метод app\controllers\PageController::indexAction не найден | Файл: C:\OSPanel\domains\ishop.loc\vendor\ishop\core\Router.php |  Строка: 38
==============================
[2019-08-29 09:53:01] Текст ошибки: Метод app\controllers\PageController::indexAction не найден | Файл: C:\OSPanel\domains\ishop.loc\vendor\ishop\core\Router.php |  Строка: 38
==============================
[2019-08-29 09:53:01] Текст ошибки: Метод app\controllers\PageController::indexAction не найден | Файл: C:\OSPanel\domains\ishop.loc\vendor\ishop\core\Router.php |  Строка: 38
==============================
[2019-08-29 09:53:01] Текст ошибки: Метод app\controllers\PageController::indexAction не найден | Файл: C:\OSPanel\domains\ishop.loc\vendor\ishop\core\Router.php |  Строка: 38
==============================
[2019-08-29 09:53:01] Текст ошибки: Метод app\controllers\PageController::indexAction не найден | Файл: C:\OSPanel\domains\ishop.loc\vendor\ishop\core\Router.php |  Строка: 38
==============================
[2019-08-29 09:53:01] Текст ошибки: Метод app\controllers\PageController::indexAction не найден | Файл: C:\OSPanel\domains\ishop.loc\vendor\ishop\core\Router.php |  Строка: 38
==============================
[2019-08-29 09:53:01] Текст ошибки: Метод app\controllers\PageController::indexAction не найден | Файл: C:\OSPanel\domains\ishop.loc\vendor\ishop\core\Router.php |  Строка: 38
==============================
[2019-08-29 09:53:26] Текст ошибки: Метод app\controllers\PageController::indexAction не найден | Файл: C:\OSPanel\domains\ishop.loc\vendor\ishop\core\Router.php |  Строка: 38
==============================
[2019-08-29 09:53:26] Текст ошибки: Метод app\controllers\PageController::indexAction не найден | Файл: C:\OSPanel\domains\ishop.loc\vendor\ishop\core\Router.php |  Строка: 38
==============================
[2019-08-29 09:53:26] Текст ошибки: Метод app\controllers\PageController::indexAction не найден | Файл: C:\OSPanel\domains\ishop.loc\vendor\ishop\core\Router.php |  Строка: 38
==============================
[2019-08-29 09:53:29] Текст ошибки: Метод app\controllers\PageController::indexAction не найден | Файл: C:\OSPanel\domains\ishop.loc\vendor\ishop\core\Router.php |  Строка: 38
==============================
[2019-08-29 09:53:29] Текст ошибки: Метод app\controllers\PageController::indexAction не найден | Файл: C:\OSPanel\domains\ishop.loc\vendor\ishop\core\Router.php |  Строка: 38
==============================
[2019-08-29 09:53:29] Текст ошибки: Метод app\controllers\PageController::indexAction не найден | Файл: C:\OSPanel\domains\ishop.loc\vendor\ishop\core\Router.php |  Строка: 38
==============================
[2019-08-29 09:53:30] Текст ошибки: Метод app\controllers\PageController::indexAction не найден | Файл: C:\OSPanel\domains\ishop.loc\vendor\ishop\core\Router.php |  Строка: 38
==============================
[2019-08-29 09:53:42] Текст ошибки: Метод app\controllers\PageController::indexAction не найден | Файл: C:\OSPanel\domains\ishop.loc\vendor\ishop\core\Router.php |  Строка: 38
==============================
[2019-08-29 09:53:42] Текст ошибки: Метод app\controllers\PageController::indexAction не найден | Файл: C:\OSPanel\domains\ishop.loc\vendor\ishop\core\Router.php |  Строка: 38
==============================
[2019-08-29 09:53:42] Текст ошибки: Метод app\controllers\PageController::indexAction не найден | Файл: C:\OSPanel\domains\ishop.loc\vendor\ishop\core\Router.php |  Строка: 38
==============================
[2019-08-29 09:55:14] Текст ошибки: Метод app\controllers\PageController::indexAction не найден | Файл: C:\OSPanel\domains\ishop.loc\vendor\ishop\core\Router.php |  Строка: 38
==============================
[2019-08-29 09:55:14] Текст ошибки: Метод app\controllers\PageController::indexAction не найден | Файл: C:\OSPanel\domains\ishop.loc\vendor\ishop\core\Router.php |  Строка: 38
==============================
[2019-08-29 09:55:14] Текст ошибки: Метод app\controllers\PageController::indexAction не найден | Файл: C:\OSPanel\domains\ishop.loc\vendor\ishop\core\Router.php |  Строка: 38
==============================
[2019-08-29 09:55:19] Текст ошибки: Метод app\controllers\PageController::indexAction не найден | Файл: C:\OSPanel\domains\ishop.loc\vendor\ishop\core\Router.php |  Строка: 38
==============================
[2019-08-29 09:55:19] Текст ошибки: Метод app\controllers\PageController::indexAction не найден | Файл: C:\OSPanel\domains\ishop.loc\vendor\ishop\core\Router.php |  Строка: 38
==============================
[2019-08-29 09:55:20] Текст ошибки: Метод app\controllers\PageController::indexAction не найден | Файл: C:\OSPanel\domains\ishop.loc\vendor\ishop\core\Router.php |  Строка: 38
==============================
[2019-08-29 09:55:20] Текст ошибки: Метод app\controllers\PageController::indexAction не найден | Файл: C:\OSPanel\domains\ishop.loc\vendor\ishop\core\Router.php |  Строка: 38
==============================
[2019-08-29 09:55:20] Текст ошибки: Метод app\controllers\PageController::indexAction не найден | Файл: C:\OSPanel\domains\ishop.loc\vendor\ishop\core\Router.php |  Строка: 38
==============================
[2019-08-29 09:55:26] Текст ошибки: Метод app\controllers\PageController::indexAction не найден | Файл: C:\OSPanel\domains\ishop.loc\vendor\ishop\core\Router.php |  Строка: 38
==============================
[2019-08-29 09:55:30] Текст ошибки: Метод app\controllers\PageController::indexAction не найден | Файл: C:\OSPanel\domains\ishop.loc\vendor\ishop\core\Router.php |  Строка: 38
==============================
[2019-08-29 09:55:30] Текст ошибки: Метод app\controllers\PageController::indexAction не найден | Файл: C:\OSPanel\domains\ishop.loc\vendor\ishop\core\Router.php |  Строка: 38
==============================
[2019-08-29 09:55:31] Текст ошибки: Метод app\controllers\PageController::indexAction не найден | Файл: C:\OSPanel\domains\ishop.loc\vendor\ishop\core\Router.php |  Строка: 38
==============================
[2019-08-29 09:55:49] Текст ошибки: Метод app\controllers\MainController::indexAction не найден | Файл: C:\OSPanel\domains\ishop.loc\vendor\ishop\core\Router.php |  Строка: 38
==============================
